p/Masked_071.jpg 1 0 0 580 580
p/Masked_100.jpg 1 0 0 580 839
p/Masked_099.jpg 1 0 0 480 640
p/Masked_098.jpg 1 0 0 800 688
p/Masked_093.jpg 1 0 0 850 850
p/Masked_094.jpg 1 0 0 500 500
p/Masked_095.jpg 1 0 0 800 689
p/Masked_096.jpg 1 0 0 800 629
p/Masked_097.jpg 1 0 0 800 800
p/Masked_089.jpg 1 0 0 350 350
p/Masked_090.jpg 1 0 0 240 355
p/Masked_091.jpg 1 0 0 540 1000
p/Masked_092.jpg 1 0 0 800 707
p/Masked_084.jpg 1 0 0 601 540
p/Masked_085.jpg 1 0 0 800 635
p/Masked_086.jpg 1 0 0 800 644
p/Masked_087.jpg 1 0 0 800 800
p/Masked_088.jpg 1 0 0 310 310
p/Masked_081.jpg 1 0 0 800 800
p/Masked_082.jpg 1 0 0 760 550
p/Masked_083.jpg 1 0 0 750 879
p/Masked_080.jpg 1 0 0 800 800
p/Masked_077.jpg 1 0 0 700 700
p/Masked_078.jpg 1 0 0 305 350
p/Masked_079.jpg 1 0 0 500 433
p/Masked_072.jpg 1 0 0 310 310
p/Masked_073.jpg 1 0 0 800 696
p/Masked_074.jpg 1 0 0 800 800
p/Masked_075.jpg 1 0 0 300 300
p/Masked_076.jpg 1 0 0 400 320
p/Masked_069.jpg 1 0 0 225 225
p/Masked_070.jpg 1 0 0 225 225
p/Masked_055.jpg 1 0 0 240 300
p/Masked_056.jpg 1 0 0 172 182
p/Masked_057.jpg 1 0 0 225 225
p/Masked_058.jpg 1 0 0 300 300
p/Masked_059.jpg 1 0 0 580 773
p/Masked_060.jpg 1 0 0 196 300
p/Masked_061.jpg 1 0 0 204 300
p/Masked_062.jpg 1 0 0 225 225
p/Masked_063.jpg 1 0 0 225 225
p/Masked_064.jpg 1 0 0 225 203
p/Masked_065.jpg 1 0 0 300 280
p/Masked_066.jpg 1 0 0 238 220
p/Masked_067.jpg 1 0 0 225 225
p/Masked_068.jpg 1 0 0 180 180
p/Masked_002.jpg 1 0 0 960 1458
p/Masked_053.jpg 1 0 0 853 1190
p/Masked_054.jpg 1 0 0 2160 3571
p/Masked_051.jpg 1 0 0 960 892
p/Masked_052.jpg 1 0 0 960 892
p/Masked_046.jpg 1 0 0 305 406
p/Masked_047.jpg 1 0 0 305 406
p/Masked_048.jpg 1 0 0 305 456
p/Masked_049.jpg 1 0 0 305 203
p/Masked_050.jpg 1 0 0 305 203
p/Masked_001.jpg 1 0 0 305 458
p/Masked_038.jpg 1 0 0 305 203
p/Masked_039.jpg 1 0 0 305 203
p/Masked_040.jpg 1 0 0 305 203
p/Masked_041.jpg 1 0 0 305 305
p/Masked_042.jpg 1 0 0 305 305
p/Masked_043.jpg 1 0 0 305 203
p/Masked_044.jpg 1 0 0 305 458
p/Masked_045.jpg 1 0 0 305 459
p/Masked_036.jpg 1 0 0 438 438
p/Masked_037.jpg 1 0 0 1200 800
p/Masked_031.jpg 1 0 0 799 855
p/Masked_032.jpg 1 0 0 802 569
p/Masked_033.jpg 1 0 0 310 310
p/Masked_034.jpg 1 0 0 449 600
p/Masked_035.jpg 1 0 0 700 700
p/Masked_027.jpg 1 0 0 720 1280
p/Masked_028.jpg 1 0 0 328 450
p/Masked_029.jpg 1 0 0 180 180
p/Masked_030.jpg 1 0 0 375 410
p/Masked_025.jpg 1 0 0 800 997
p/Masked_026.jpg 1 0 0 852 1065
p/Masked_022.jpg 1 0 0 800 800
p/Masked_023.jpg 1 0 0 1000 938
p/Masked_024.jpg 1 0 0 700 492
p/Masked_018.jpg 1 0 0 180 180
p/Masked_019.jpg 1 0 0 800 554
p/Masked_020.jpg 1 0 0 694 598
p/Masked_021.jpg 1 0 0 957 1212
p/Masked_015.jpg 1 0 0 800 800
p/Masked_016.jpg 1 0 0 377 661
p/Masked_017.jpg 1 0 0 399 600
p/Masked_014.jpg 1 0 0 1000 506
p/Masked_010.jpg 1 0 0 335 323
p/Masked_011.jpg 1 0 0 1024 1024
p/Masked_012.jpg 1 0 0 188 220
p/Masked_013.jpg 1 0 0 790 464
p/Masked_006.jpg 1 0 0 180 180
p/Masked_007.jpg 1 0 0 180 180
p/Masked_008.jpg 1 0 0 180 180
p/Masked_009.jpg 1 0 0 440 293
p/Masked_003.jpg 1 0 0 480 600
p/Masked_004.jpg 1 0 0 500 670
p/Masked_005.jpg 1 0 0 180 180